2005/07/27 13:37 PDT [-] Log opened.
2005/07/27 13:37 PDT [-] twistd 1.3.0rc1 (/usr/bin/python2.3 2.3.5) starting up
2005/07/27 13:37 PDT [-] reactor class: twisted.internet.default.SelectReactor
2005/07/27 13:37 PDT [-] Loading web.tap...
2005/07/27 13:37 PDT [-] Traceback (most recent call last):
2005/07/27 13:37 PDT [-]   File "/usr/lib/python2.3/site-packages/twisted/application/app.py", line 123, in getApplication
2005/07/27 13:37 PDT [-]     application = service.loadApplication(filename, style, passphrase)
2005/07/27 13:37 PDT [-]   File "/usr/lib/python2.3/site-packages/twisted/application/service.py", line 321, in loadApplication
2005/07/27 13:37 PDT [-]     application = sob.load(filename, kind, passphrase)
2005/07/27 13:37 PDT [-]   File "/usr/lib/python2.3/site-packages/twisted/persisted/sob.py", line 179, in load
2005/07/27 13:37 PDT [-]     fp = open(filename, mode)
2005/07/27 13:37 PDT [-] IOError: [Errno 2] No such file or directory: 'web.tap'
2005/07/27 13:37 PDT [-] Failed to load application: [Errno 2] No such file or directory: 'web.tap'
2005/07/27 13:37 PDT [-] Traceback (most recent call last):
	  File "/usr/bin/twistd", line 36, in ?
	    run()
	  File "/usr/lib/python2.3/site-packages/twisted/scripts/twistd.py", line 184, in run
	    app.run(runApp, ServerOptions)
	  File "/usr/lib/python2.3/site-packages/twisted/application/app.py", line 210, in run
	    runApp(config)
	  File "/usr/lib/python2.3/site-packages/twisted/scripts/twistd.py", line 174, in runApp
	    application = app.getApplication(config, passphrase)
	--- <exception caught here> ---
	  File "/usr/lib/python2.3/site-packages/twisted/application/app.py", line 123, in getApplication
	    application = service.loadApplication(filename, style, passphrase)
	  File "/usr/lib/python2.3/site-packages/twisted/application/service.py", line 321, in loadApplication
	    application = sob.load(filename, kind, passphrase)
	  File "/usr/lib/python2.3/site-packages/twisted/persisted/sob.py", line 179, in load
	    fp = open(filename, mode)
	exceptions.IOError: [Errno 2] No such file or directory: 'web.tap'
	
2005/07/27 13:37 PDT [-] 
2005/07/27 23:06 PDT [-] Log opened.
2005/07/27 23:06 PDT [-] twistd 1.3.0rc1 (/usr/bin/python2.3 2.3.5) starting up
2005/07/27 23:06 PDT [-] reactor class: twisted.internet.default.SelectReactor
2005/07/27 23:06 PDT [-] Loading web.tap...
2005/07/27 23:06 PDT [-] Traceback (most recent call last):
2005/07/27 23:06 PDT [-]   File "/usr/lib/python2.3/site-packages/twisted/application/app.py", line 123, in getApplication
2005/07/27 23:06 PDT [-]     application = service.loadApplication(filename, style, passphrase)
2005/07/27 23:06 PDT [-]   File "/usr/lib/python2.3/site-packages/twisted/application/service.py", line 321, in loadApplication
2005/07/27 23:06 PDT [-]     application = sob.load(filename, kind, passphrase)
2005/07/27 23:06 PDT [-]   File "/usr/lib/python2.3/site-packages/twisted/persisted/sob.py", line 179, in load
2005/07/27 23:06 PDT [-]     fp = open(filename, mode)
2005/07/27 23:06 PDT [-] IOError: [Errno 2] No such file or directory: 'web.tap'
2005/07/27 23:06 PDT [-] Failed to load application: [Errno 2] No such file or directory: 'web.tap'
2005/07/27 23:06 PDT [-] Traceback (most recent call last):
	  File "/usr/bin/twistd", line 36, in ?
	    run()
	  File "/usr/lib/python2.3/site-packages/twisted/scripts/twistd.py", line 184, in run
	    app.run(runApp, ServerOptions)
	  File "/usr/lib/python2.3/site-packages/twisted/application/app.py", line 210, in run
	    runApp(config)
	  File "/usr/lib/python2.3/site-packages/twisted/scripts/twistd.py", line 174, in runApp
	    application = app.getApplication(config, passphrase)
	--- <exception caught here> ---
	  File "/usr/lib/python2.3/site-packages/twisted/application/app.py", line 123, in getApplication
	    application = service.loadApplication(filename, style, passphrase)
	  File "/usr/lib/python2.3/site-packages/twisted/application/service.py", line 321, in loadApplication
	    application = sob.load(filename, kind, passphrase)
	  File "/usr/lib/python2.3/site-packages/twisted/persisted/sob.py", line 179, in load
	    fp = open(filename, mode)
	exceptions.IOError: [Errno 2] No such file or directory: 'web.tap'
	
2005/07/27 23:06 PDT [-] 
